
Terraform used the selected providers to generate the following execution
plan. Resource actions are indicated with the following symbols:
       create  

Terraform will perform the following actions:

 [1m  # azurerm_linux_web_app.linuxwebapp   will be created
           resource "azurerm_linux_web_app" "linuxwebapp" {
             client_affinity_enabled                        = false
             client_certificate_enabled                     = false
             client_certificate_mode                        = "Required"
             custom_domain_verification_id                  = (sensitive value)
             default_hostname                               = (known after apply)
             enabled                                        = true
             ftp_publish_basic_authentication_enabled       = true
             hosting_environment_id                         = (known after apply)
             https_only                                     = false
             id                                             = (known after apply)
             key_vault_reference_identity_id                = (known after apply)
             kind                                           = (known after apply)
             location                                       = "eastus"
             name                                           = "linuxwebapp01"
             outbound_ip_address_list                       = (known after apply)
             outbound_ip_addresses                          = (known after apply)
             possible_outbound_ip_address_list              = (known after apply)
             possible_outbound_ip_addresses                 = (known after apply)
             public_network_access_enabled                  = true
             resource_group_name                            = "rg-terraform-webapp"
             service_plan_id                                = (known after apply)
             site_credential                                = (sensitive value)
             virtual_network_backup_restore_enabled         = false
             vnet_image_pull_enabled                        = false
             webdeploy_publish_basic_authentication_enabled = true
             zip_deploy_file                                = (known after apply)

             site_config {
                 always_on                               = true
                 container_registry_use_managed_identity = false
                 default_documents                       = (known after apply)
                 detailed_error_logging_enabled          = (known after apply)
                 ftps_state                              = "Disabled"
                 http2_enabled                           = false
                 ip_restriction_default_action           = "Allow"
                 linux_fx_version                        = (known after apply)
                 load_balancing_mode                     = "LeastRequests"
                 local_mysql_enabled                     = false
                 managed_pipeline_mode                   = "Integrated"
                 minimum_tls_version                     = "1.2"
                 remote_debugging_enabled                = false
                 remote_debugging_version                = (known after apply)
                 scm_ip_restriction_default_action       = "Allow"
                 scm_minimum_tls_version                 = "1.2"
                 scm_type                                = (known after apply)
                 scm_use_main_ip_restriction             = false
                 use_32_bit_worker                       = true
                 vnet_route_all_enabled                  = false
                 websockets_enabled                      = false
                 worker_count                            = (known after apply)

                 application_stack (known after apply)
        }
    }

 [1m  # azurerm_resource_group.rg   will be created
           resource "azurerm_resource_group" "rg" {
             id       = (known after apply)
             location = "eastus"
             name     = "rg-terraform-webapp"
    }

 [1m  # azurerm_service_plan.asp_name   will be created
           resource "azurerm_service_plan" "asp_name" {
             id                              = (known after apply)
             kind                            = (known after apply)
             location                        = "eastus"
             maximum_elastic_worker_count    = (known after apply)
             name                            = "asp-name"
             os_type                         = "Linux"
             per_site_scaling_enabled        = false
             premium_plan_auto_scale_enabled = false
             reserved                        = (known after apply)
             resource_group_name             = "rg-terraform-webapp"
             sku_name                        = "S1"
             worker_count                    = (known after apply)
    }

 [1mPlan:     3 to add, 0 to change, 0 to destroy.
 [90m
ΓöÇΓöÇΓöÇΓöÇΓöÇΓöÇΓöÇΓöÇΓöÇΓöÇΓöÇΓöÇΓöÇΓöÇΓöÇΓöÇΓöÇΓöÇΓöÇΓöÇΓöÇΓöÇΓöÇΓöÇΓöÇΓöÇΓöÇΓöÇΓöÇΓöÇΓöÇΓöÇΓöÇΓöÇΓöÇΓöÇΓöÇΓöÇΓöÇΓöÇΓöÇΓöÇΓöÇΓöÇΓöÇΓöÇΓöÇΓöÇΓöÇΓöÇΓöÇΓöÇΓöÇΓöÇΓöÇΓöÇΓöÇΓöÇΓöÇΓöÇΓöÇΓöÇΓöÇΓöÇΓöÇΓöÇΓöÇΓöÇΓöÇΓöÇΓöÇΓöÇΓöÇΓöÇΓöÇΓöÇΓöÇ  

Note: You didn't use the -out option to save this plan, so Terraform can't
guarantee to take exactly these actions if you run "terraform apply" now.

